<?xml version="1.0" encoding="UTF-8"?>
<!-- Generated by org.testng.reporters.JUnitXMLReporter -->
<testsuite ignored="0" hostname="DESKTOP-G1JGU75" failures="1" tests="14" name="TutorialsNinja Tests" time="258.31" errors="0" timestamp="2023-05-17T20:12:10 IST">
  <testcase classname="com.tutorials.qa.testcases.RegisterTest" name="verifyRegisterAnAccountWithMandatoryFields" time="2.472"/>
  <testcase classname="com.tutorials.qa.testcases.RegisterTest" name="verifyRegisterAccountByProvidingAllFields" time="1.724"/>
  <testcase classname="com.tutorials.qa.testcases.RegisterTest" name="verifyRegisterAccountWithExistingEmailAddress" time="1.967"/>
  <testcase classname="com.tutorials.qa.testcases.RegisterTest" name="verifyRegisterAccountWithoutFillingAnyDetails" time="1.311"/>
  <testcase classname="com.tutorials.qa.testcases.LoginTest" name="VerifyLoginWithValidCredentials" time="1.297"/>
  <testcase classname="com.tutorials.qa.testcases.LoginTest" name="VerifyLoginWithValidCredentials" time="2.397"/>
  <testcase classname="com.tutorials.qa.testcases.LoginTest" name="VerifyLoginWithValidCredentials" time="1.412"/>
  <testcase classname="com.tutorials.qa.testcases.LoginTest" name="VerifyLoginWithInvalidCredentials" time="1.406"/>
  <testcase classname="com.tutorials.qa.testcases.LoginTest" name="VerifyLoginWithInvalidEmailAndValidPassword" time="0.95"/>
  <testcase classname="com.tutorials.qa.testcases.LoginTest" name="VerifyLoginWithValidEmailAndInvalidPassword" time="0.799"/>
  <testcase classname="com.tutorials.qa.testcases.LoginTest" name="VerifyLoginWithoutProvidingCredentials" time="0.473"/>
  <testcase classname="com.tutorials.qa.testcases.SearchTest" name="verifySearchWithValidProduct" time="2.797"/>
  <testcase classname="com.tutorials.qa.testcases.SearchTest" name="verifySearchWithInvalidProduct" time="2.883">
    <failure type="java.lang.AssertionError" message="No product message in search results  is not displayed expected [abcde] but found [There is no product that matches the search criteria.]">
      <![CDATA[java.lang.AssertionError: No product message in search results  is not displayed expected [abcde] but found [There is no product that matches the search criteria.]
at com.tutorials.qa.testcases.SearchTest.verifySearchWithInvalidProduct(SearchTest.java:54)
at java.base/java.util.ArrayList.forEach(ArrayList.java:1511)
... Removed 32 stack frames]]>
    </failure>
  </testcase> <!-- verifySearchWithInvalidProduct -->
  <testcase classname="com.tutorials.qa.testcases.SearchTest" name="verifySearchWithoutAnyProduct" time="0.0">
    <skipped/>
  </testcase> <!-- verifySearchWithoutAnyProduct -->
</testsuite> <!-- TutorialsNinja Tests -->
