<?xml version="1.0" encoding="UTF-8"?>
<testng-results ignored="0" total="14" passed="12" failed="1" skipped="1">
  <reporter-output>
  </reporter-output>
  <suite started-at="2023-05-17T20:07:49 IST" name="TutorialsNinja Automation Suite" finished-at="2023-05-17T20:12:07 IST" duration-ms="258310">
    <groups>
    </groups>
    <test started-at="2023-05-17T20:07:49 IST" name="TutorialsNinja Tests" finished-at="2023-05-17T20:12:07 IST" duration-ms="258310">
      <class name="com.tutorials.qa.testcases.SearchTest">
        <test-method is-config="true" signature="setup()[pri:0, instance:com.tutorials.qa.testcases.SearchTest@173ed316]" started-at="2023-05-17T20:11:35 IST" name="setup" finished-at="2023-05-17T20:11:46 IST" duration-ms="11261" status="PASS">
          <reporter-output>
          </reporter-output>
        </test-method> <!-- setup -->
        <test-method signature="verifySearchWithValidProduct()[pri:1, instance:com.tutorials.qa.testcases.SearchTest@173ed316]" started-at="2023-05-17T20:11:46 IST" name="verifySearchWithValidProduct" finished-at="2023-05-17T20:11:49 IST" duration-ms="2797" status="PASS">
          <reporter-output>
          </reporter-output>
        </test-method> <!-- verifySearchWithValidProduct -->
        <test-method is-config="true" signature="teardown()[pri:0, instance:com.tutorials.qa.testcases.SearchTest@173ed316]" started-at="2023-05-17T20:11:49 IST" name="teardown" finished-at="2023-05-17T20:11:50 IST" duration-ms="429" status="PASS">
          <reporter-output>
          </reporter-output>
        </test-method> <!-- teardown -->
        <test-method is-config="true" signature="setup()[pri:0, instance:com.tutorials.qa.testcases.SearchTest@173ed316]" started-at="2023-05-17T20:11:50 IST" name="setup" finished-at="2023-05-17T20:12:04 IST" duration-ms="13996" status="PASS">
          <reporter-output>
          </reporter-output>
        </test-method> <!-- setup -->
        <test-method signature="verifySearchWithInvalidProduct()[pri:2, instance:com.tutorials.qa.testcases.SearchTest@173ed316]" started-at="2023-05-17T20:12:04 IST" name="verifySearchWithInvalidProduct" finished-at="2023-05-17T20:12:06 IST" duration-ms="2883" status="FAIL">
          <exception class="java.lang.AssertionError">
            <message>
              <![CDATA[No product message in search results  is not displayed expected [abcde] but found [There is no product that matches the search criteria.]]]>
            </message>
            <full-stacktrace>
              <![CDATA[java.lang.AssertionError: No product message in search results  is not displayed expected [abcde] but found [There is no product that matches the search criteria.]
at org.testng.Assert.fail(Assert.java:110)
at org.testng.Assert.failNotEquals(Assert.java:1577)
at org.testng.Assert.assertEqualsImpl(Assert.java:149)
at org.testng.Assert.assertEquals(Assert.java:131)
at org.testng.Assert.assertEquals(Assert.java:655)
at com.tutorials.qa.testcases.SearchTest.verifySearchWithInvalidProduct(SearchTest.java:54)
at java.base/jdk.internal.reflect.NativeMethodAccessorImpl.invoke0(Native Method)
at java.base/jdk.internal.reflect.NativeMethodAccessorImpl.invoke(NativeMethodAccessorImpl.java:77)
at java.base/jdk.internal.reflect.DelegatingMethodAccessorImpl.invoke(DelegatingMethodAccessorImpl.java:43)
at java.base/java.lang.reflect.Method.invoke(Method.java:568)
at org.testng.internal.invokers.MethodInvocationHelper.invokeMethod(MethodInvocationHelper.java:139)
at org.testng.internal.invokers.TestInvoker.invokeMethod(TestInvoker.java:677)
at org.testng.internal.invokers.TestInvoker.invokeTestMethod(TestInvoker.java:221)
at org.testng.internal.invokers.MethodRunner.runInSequence(MethodRunner.java:50)
at org.testng.internal.invokers.TestInvoker$MethodInvocationAgent.invoke(TestInvoker.java:969)
at org.testng.internal.invokers.TestInvoker.invokeTestMethods(TestInvoker.java:194)
at org.testng.internal.invokers.TestMethodWorker.invokeTestMethods(TestMethodWorker.java:148)
at org.testng.internal.invokers.TestMethodWorker.run(TestMethodWorker.java:128)
at java.base/java.util.ArrayList.forEach(ArrayList.java:1511)
at org.testng.TestRunner.privateRun(TestRunner.java:829)
at org.testng.TestRunner.run(TestRunner.java:602)
at org.testng.SuiteRunner.runTest(SuiteRunner.java:437)
at org.testng.SuiteRunner.runSequentially(SuiteRunner.java:431)
at org.testng.SuiteRunner.privateRun(SuiteRunner.java:391)
at org.testng.SuiteRunner.run(SuiteRunner.java:330)
at org.testng.SuiteRunnerWorker.runSuite(SuiteRunnerWorker.java:52)
at org.testng.SuiteRunnerWorker.run(SuiteRunnerWorker.java:95)
at org.testng.TestNG.runSuitesSequentially(TestNG.java:1256)
at org.testng.TestNG.runSuitesLocally(TestNG.java:1176)
at org.testng.TestNG.runSuites(TestNG.java:1099)
at org.testng.TestNG.run(TestNG.java:1067)
at org.testng.remote.AbstractRemoteTestNG.run(AbstractRemoteTestNG.java:115)
at org.testng.remote.RemoteTestNG.initAndRun(RemoteTestNG.java:251)
at org.testng.remote.RemoteTestNG.main(RemoteTestNG.java:77)
]]>
            </full-stacktrace>
          </exception> <!-- java.lang.AssertionError -->
          <reporter-output>
          </reporter-output>
        </test-method> <!-- verifySearchWithInvalidProduct -->
        <test-method is-config="true" signature="teardown()[pri:0, instance:com.tutorials.qa.testcases.SearchTest@173ed316]" started-at="2023-05-17T20:12:07 IST" name="teardown" finished-at="2023-05-17T20:12:07 IST" duration-ms="393" status="PASS">
          <reporter-output>
          </reporter-output>
        </test-method> <!-- teardown -->
        <test-method signature="verifySearchWithoutAnyProduct()[pri:3, instance:com.tutorials.qa.testcases.SearchTest@173ed316]" started-at="2023-05-17T20:12:07 IST" name="verifySearchWithoutAnyProduct" finished-at="2023-05-17T20:12:07 IST" depends-on-methods="com.tutorials.qa.testcases.SearchTest.verifySearchWithValidProduct, com.tutorials.qa.testcases.SearchTest.verifySearchWithInvalidProduct" duration-ms="0" status="SKIP">
          <exception class="java.lang.Throwable">
            <message>
              <![CDATA[Method com.tutorials.qa.testcases.SearchTest.verifySearchWithoutAnyProduct() on instance com.tutorials.qa.testcases.SearchTest@173ed316 depends on not successfully finished methods 
[com.tutorials.qa.testcases.SearchTest.verifySearchWithValidProduct() on instance com.tutorials.qa.testcases.SearchTest@173ed316
com.tutorials.qa.testcases.SearchTest.verifySearchWithInvalidProduct() on instance com.tutorials.qa.testcases.SearchTest@173ed316]]]>
            </message>
            <full-stacktrace>
              <![CDATA[java.lang.Throwable: Method com.tutorials.qa.testcases.SearchTest.verifySearchWithoutAnyProduct() on instance com.tutorials.qa.testcases.SearchTest@173ed316 depends on not successfully finished methods 
[com.tutorials.qa.testcases.SearchTest.verifySearchWithValidProduct() on instance com.tutorials.qa.testcases.SearchTest@173ed316
com.tutorials.qa.testcases.SearchTest.verifySearchWithInvalidProduct() on instance com.tutorials.qa.testcases.SearchTest@173ed316]
at org.testng.internal.invokers.TestInvoker.invokeTestMethods(TestInvoker.java:150)
at org.testng.internal.invokers.TestMethodWorker.invokeTestMethods(TestMethodWorker.java:148)
at org.testng.internal.invokers.TestMethodWorker.run(TestMethodWorker.java:128)
at java.base/java.util.ArrayList.forEach(ArrayList.java:1511)
at org.testng.TestRunner.privateRun(TestRunner.java:829)
at org.testng.TestRunner.run(TestRunner.java:602)
at org.testng.SuiteRunner.runTest(SuiteRunner.java:437)
at org.testng.SuiteRunner.runSequentially(SuiteRunner.java:431)
at org.testng.SuiteRunner.privateRun(SuiteRunner.java:391)
at org.testng.SuiteRunner.run(SuiteRunner.java:330)
at org.testng.SuiteRunnerWorker.runSuite(SuiteRunnerWorker.java:52)
at org.testng.SuiteRunnerWorker.run(SuiteRunnerWorker.java:95)
at org.testng.TestNG.runSuitesSequentially(TestNG.java:1256)
at org.testng.TestNG.runSuitesLocally(TestNG.java:1176)
at org.testng.TestNG.runSuites(TestNG.java:1099)
at org.testng.TestNG.run(TestNG.java:1067)
at org.testng.remote.AbstractRemoteTestNG.run(AbstractRemoteTestNG.java:115)
at org.testng.remote.RemoteTestNG.initAndRun(RemoteTestNG.java:251)
at org.testng.remote.RemoteTestNG.main(RemoteTestNG.java:77)
]]>
            </full-stacktrace>
          </exception> <!-- java.lang.Throwable -->
          <reporter-output>
          </reporter-output>
        </test-method> <!-- verifySearchWithoutAnyProduct -->
      </class> <!-- com.tutorials.qa.testcases.SearchTest -->
      <class name="com.tutorials.qa.testcases.RegisterTest">
        <test-method is-config="true" signature="setup()[pri:0, instance:com.tutorials.qa.testcases.RegisterTest@18df8434]" started-at="2023-05-17T20:07:49 IST" name="setup" finished-at="2023-05-17T20:08:16 IST" duration-ms="26443" status="PASS">
          <reporter-output>
          </reporter-output>
        </test-method> <!-- setup -->
        <test-method signature="verifyRegisterAnAccountWithMandatoryFields()[pri:1, instance:com.tutorials.qa.testcases.RegisterTest@18df8434]" started-at="2023-05-17T20:08:16 IST" name="verifyRegisterAnAccountWithMandatoryFields" finished-at="2023-05-17T20:08:18 IST" duration-ms="2472" status="PASS">
          <reporter-output>
          </reporter-output>
        </test-method> <!-- verifyRegisterAnAccountWithMandatoryFields -->
        <test-method is-config="true" signature="teardown()[pri:0, instance:com.tutorials.qa.testcases.RegisterTest@18df8434]" started-at="2023-05-17T20:08:18 IST" name="teardown" finished-at="2023-05-17T20:08:19 IST" duration-ms="725" status="PASS">
          <reporter-output>
          </reporter-output>
        </test-method> <!-- teardown -->
        <test-method is-config="true" signature="setup()[pri:0, instance:com.tutorials.qa.testcases.RegisterTest@18df8434]" started-at="2023-05-17T20:08:19 IST" name="setup" finished-at="2023-05-17T20:08:41 IST" duration-ms="21641" status="PASS">
          <reporter-output>
          </reporter-output>
        </test-method> <!-- setup -->
        <test-method signature="verifyRegisterAccountByProvidingAllFields()[pri:2, instance:com.tutorials.qa.testcases.RegisterTest@18df8434]" started-at="2023-05-17T20:08:41 IST" name="verifyRegisterAccountByProvidingAllFields" finished-at="2023-05-17T20:08:42 IST" duration-ms="1724" status="PASS">
          <reporter-output>
          </reporter-output>
        </test-method> <!-- verifyRegisterAccountByProvidingAllFields -->
        <test-method is-config="true" signature="teardown()[pri:0, instance:com.tutorials.qa.testcases.RegisterTest@18df8434]" started-at="2023-05-17T20:08:42 IST" name="teardown" finished-at="2023-05-17T20:08:43 IST" duration-ms="498" status="PASS">
          <reporter-output>
          </reporter-output>
        </test-method> <!-- teardown -->
        <test-method is-config="true" signature="setup()[pri:0, instance:com.tutorials.qa.testcases.RegisterTest@18df8434]" started-at="2023-05-17T20:08:43 IST" name="setup" finished-at="2023-05-17T20:09:02 IST" duration-ms="19471" status="PASS">
          <reporter-output>
          </reporter-output>
        </test-method> <!-- setup -->
        <test-method signature="verifyRegisterAccountWithExistingEmailAddress()[pri:3, instance:com.tutorials.qa.testcases.RegisterTest@18df8434]" started-at="2023-05-17T20:09:02 IST" name="verifyRegisterAccountWithExistingEmailAddress" finished-at="2023-05-17T20:09:04 IST" duration-ms="1967" status="PASS">
          <reporter-output>
          </reporter-output>
        </test-method> <!-- verifyRegisterAccountWithExistingEmailAddress -->
        <test-method is-config="true" signature="teardown()[pri:0, instance:com.tutorials.qa.testcases.RegisterTest@18df8434]" started-at="2023-05-17T20:09:04 IST" name="teardown" finished-at="2023-05-17T20:09:05 IST" duration-ms="439" status="PASS">
          <reporter-output>
          </reporter-output>
        </test-method> <!-- teardown -->
        <test-method is-config="true" signature="setup()[pri:0, instance:com.tutorials.qa.testcases.RegisterTest@18df8434]" started-at="2023-05-17T20:09:05 IST" name="setup" finished-at="2023-05-17T20:09:25 IST" duration-ms="20170" status="PASS">
          <reporter-output>
          </reporter-output>
        </test-method> <!-- setup -->
        <test-method signature="verifyRegisterAccountWithoutFillingAnyDetails()[pri:4, instance:com.tutorials.qa.testcases.RegisterTest@18df8434]" started-at="2023-05-17T20:09:25 IST" name="verifyRegisterAccountWithoutFillingAnyDetails" finished-at="2023-05-17T20:09:26 IST" duration-ms="1311" status="PASS">
          <reporter-output>
          </reporter-output>
        </test-method> <!-- verifyRegisterAccountWithoutFillingAnyDetails -->
        <test-method is-config="true" signature="teardown()[pri:0, instance:com.tutorials.qa.testcases.RegisterTest@18df8434]" started-at="2023-05-17T20:09:26 IST" name="teardown" finished-at="2023-05-17T20:09:27 IST" duration-ms="431" status="PASS">
          <reporter-output>
          </reporter-output>
        </test-method> <!-- teardown -->
      </class> <!-- com.tutorials.qa.testcases.RegisterTest -->
      <class name="com.tutorials.qa.testcases.LoginTest">
        <test-method is-config="true" signature="setup()[pri:0, instance:com.tutorials.qa.testcases.LoginTest@2cf3d63b]" started-at="2023-05-17T20:09:28 IST" name="setup" finished-at="2023-05-17T20:09:45 IST" duration-ms="17327" status="PASS">
          <reporter-output>
          </reporter-output>
        </test-method> <!-- setup -->
        <test-method signature="VerifyLoginWithValidCredentials(java.lang.String,java.lang.String)[pri:1, instance:com.tutorials.qa.testcases.LoginTest@2cf3d63b]" started-at="2023-05-17T20:09:45 IST" name="VerifyLoginWithValidCredentials" data-provider="supplyTestdata" finished-at="2023-05-17T20:09:46 IST" duration-ms="1297" status="PASS">
          <params>
            <param index="0">
              <value>
                <![CDATA[manishpoolaaa@gmail.com]]>
              </value>
            </param>
            <param index="1">
              <value>
                <![CDATA[12345]]>
              </value>
            </param>
          </params>
          <reporter-output>
          </reporter-output>
        </test-method> <!-- VerifyLoginWithValidCredentials -->
        <test-method is-config="true" signature="teardown()[pri:0, instance:com.tutorials.qa.testcases.LoginTest@2cf3d63b]" started-at="2023-05-17T20:09:46 IST" name="teardown" finished-at="2023-05-17T20:09:47 IST" duration-ms="439" status="PASS">
          <reporter-output>
          </reporter-output>
        </test-method> <!-- teardown -->
        <test-method is-config="true" signature="setup()[pri:0, instance:com.tutorials.qa.testcases.LoginTest@2cf3d63b]" started-at="2023-05-17T20:09:47 IST" name="setup" finished-at="2023-05-17T20:10:03 IST" duration-ms="16804" status="PASS">
          <reporter-output>
          </reporter-output>
        </test-method> <!-- setup -->
        <test-method signature="VerifyLoginWithValidCredentials(java.lang.String,java.lang.String)[pri:1, instance:com.tutorials.qa.testcases.LoginTest@2cf3d63b]" started-at="2023-05-17T20:10:03 IST" name="VerifyLoginWithValidCredentials" data-provider="supplyTestdata" finished-at="2023-05-17T20:10:06 IST" duration-ms="2397" status="PASS">
          <params>
            <param index="0">
              <value>
                <![CDATA[manselenium@gmail.com]]>
              </value>
            </param>
            <param index="1">
              <value>
                <![CDATA[12345]]>
              </value>
            </param>
          </params>
          <reporter-output>
          </reporter-output>
        </test-method> <!-- VerifyLoginWithValidCredentials -->
        <test-method is-config="true" signature="teardown()[pri:0, instance:com.tutorials.qa.testcases.LoginTest@2cf3d63b]" started-at="2023-05-17T20:10:06 IST" name="teardown" finished-at="2023-05-17T20:10:06 IST" duration-ms="437" status="PASS">
          <reporter-output>
          </reporter-output>
        </test-method> <!-- teardown -->
        <test-method is-config="true" signature="setup()[pri:0, instance:com.tutorials.qa.testcases.LoginTest@2cf3d63b]" started-at="2023-05-17T20:10:06 IST" name="setup" finished-at="2023-05-17T20:10:22 IST" duration-ms="15710" status="PASS">
          <reporter-output>
          </reporter-output>
        </test-method> <!-- setup -->
        <test-method signature="VerifyLoginWithValidCredentials(java.lang.String,java.lang.String)[pri:1, instance:com.tutorials.qa.testcases.LoginTest@2cf3d63b]" started-at="2023-05-17T20:10:22 IST" name="VerifyLoginWithValidCredentials" data-provider="supplyTestdata" finished-at="2023-05-17T20:10:23 IST" duration-ms="1412" status="PASS">
          <params>
            <param index="0">
              <value>
                <![CDATA[maniking@gmail.com]]>
              </value>
            </param>
            <param index="1">
              <value>
                <![CDATA[12345]]>
              </value>
            </param>
          </params>
          <reporter-output>
          </reporter-output>
        </test-method> <!-- VerifyLoginWithValidCredentials -->
        <test-method is-config="true" signature="teardown()[pri:0, instance:com.tutorials.qa.testcases.LoginTest@2cf3d63b]" started-at="2023-05-17T20:10:23 IST" name="teardown" finished-at="2023-05-17T20:10:24 IST" duration-ms="443" status="PASS">
          <reporter-output>
          </reporter-output>
        </test-method> <!-- teardown -->
        <test-method is-config="true" signature="setup()[pri:0, instance:com.tutorials.qa.testcases.LoginTest@2cf3d63b]" started-at="2023-05-17T20:10:24 IST" name="setup" finished-at="2023-05-17T20:10:44 IST" duration-ms="20008" status="PASS">
          <reporter-output>
          </reporter-output>
        </test-method> <!-- setup -->
        <test-method signature="VerifyLoginWithInvalidCredentials()[pri:2, instance:com.tutorials.qa.testcases.LoginTest@2cf3d63b]" started-at="2023-05-17T20:10:44 IST" name="VerifyLoginWithInvalidCredentials" finished-at="2023-05-17T20:10:45 IST" duration-ms="1406" status="PASS">
          <reporter-output>
          </reporter-output>
        </test-method> <!-- VerifyLoginWithInvalidCredentials -->
        <test-method is-config="true" signature="teardown()[pri:0, instance:com.tutorials.qa.testcases.LoginTest@2cf3d63b]" started-at="2023-05-17T20:10:45 IST" name="teardown" finished-at="2023-05-17T20:10:46 IST" duration-ms="387" status="PASS">
          <reporter-output>
          </reporter-output>
        </test-method> <!-- teardown -->
        <test-method is-config="true" signature="setup()[pri:0, instance:com.tutorials.qa.testcases.LoginTest@2cf3d63b]" started-at="2023-05-17T20:10:46 IST" name="setup" finished-at="2023-05-17T20:11:05 IST" duration-ms="19271" status="PASS">
          <reporter-output>
          </reporter-output>
        </test-method> <!-- setup -->
        <test-method signature="VerifyLoginWithInvalidEmailAndValidPassword()[pri:3, instance:com.tutorials.qa.testcases.LoginTest@2cf3d63b]" started-at="2023-05-17T20:11:05 IST" name="VerifyLoginWithInvalidEmailAndValidPassword" finished-at="2023-05-17T20:11:06 IST" duration-ms="950" status="PASS">
          <reporter-output>
          </reporter-output>
        </test-method> <!-- VerifyLoginWithInvalidEmailAndValidPassword -->
        <test-method is-config="true" signature="teardown()[pri:0, instance:com.tutorials.qa.testcases.LoginTest@2cf3d63b]" started-at="2023-05-17T20:11:06 IST" name="teardown" finished-at="2023-05-17T20:11:06 IST" duration-ms="394" status="PASS">
          <reporter-output>
          </reporter-output>
        </test-method> <!-- teardown -->
        <test-method is-config="true" signature="setup()[pri:0, instance:com.tutorials.qa.testcases.LoginTest@2cf3d63b]" started-at="2023-05-17T20:11:06 IST" name="setup" finished-at="2023-05-17T20:11:16 IST" duration-ms="10054" status="PASS">
          <reporter-output>
          </reporter-output>
        </test-method> <!-- setup -->
        <test-method signature="VerifyLoginWithValidEmailAndInvalidPassword()[pri:4, instance:com.tutorials.qa.testcases.LoginTest@2cf3d63b]" started-at="2023-05-17T20:11:16 IST" name="VerifyLoginWithValidEmailAndInvalidPassword" finished-at="2023-05-17T20:11:17 IST" duration-ms="799" status="PASS">
          <reporter-output>
          </reporter-output>
        </test-method> <!-- VerifyLoginWithValidEmailAndInvalidPassword -->
        <test-method is-config="true" signature="teardown()[pri:0, instance:com.tutorials.qa.testcases.LoginTest@2cf3d63b]" started-at="2023-05-17T20:11:17 IST" name="teardown" finished-at="2023-05-17T20:11:18 IST" duration-ms="520" status="PASS">
          <reporter-output>
          </reporter-output>
        </test-method> <!-- teardown -->
        <test-method is-config="true" signature="setup()[pri:0, instance:com.tutorials.qa.testcases.LoginTest@2cf3d63b]" started-at="2023-05-17T20:11:18 IST" name="setup" finished-at="2023-05-17T20:11:34 IST" duration-ms="16502" status="PASS">
          <reporter-output>
          </reporter-output>
        </test-method> <!-- setup -->
        <test-method signature="VerifyLoginWithoutProvidingCredentials()[pri:5, instance:com.tutorials.qa.testcases.LoginTest@2cf3d63b]" started-at="2023-05-17T20:11:34 IST" name="VerifyLoginWithoutProvidingCredentials" finished-at="2023-05-17T20:11:35 IST" duration-ms="473" status="PASS">
          <reporter-output>
          </reporter-output>
        </test-method> <!-- VerifyLoginWithoutProvidingCredentials -->
        <test-method is-config="true" signature="teardown()[pri:0, instance:com.tutorials.qa.testcases.LoginTest@2cf3d63b]" started-at="2023-05-17T20:11:35 IST" name="teardown" finished-at="2023-05-17T20:11:35 IST" duration-ms="417" status="PASS">
          <reporter-output>
          </reporter-output>
        </test-method> <!-- teardown -->
      </class> <!-- com.tutorials.qa.testcases.LoginTest -->
    </test> <!-- TutorialsNinja Tests -->
  </suite> <!-- TutorialsNinja Automation Suite -->
</testng-results>
